[1116/222922.375:ERROR:process_reader_win.cc(123)] NtOpenThread: {Access Denied} A process has requested access to an object, but has not been granted those access rights. (0xc0000022)
[1116/222922.378:ERROR:exception_snapshot_win.cc(99)] thread ID 17552 not found in process
[1116/222922.397:ERROR:process_reader_win.cc(123)] NtOpenThread: {Access Denied} A process has requested access to an object, but has not been granted those access rights. (0xc0000022)
[1116/222922.398:ERROR:exception_snapshot_win.cc(99)] thread ID 8484 not found in process
[1116/223212.668:ERROR:process_reader_win.cc(123)] NtOpenThread: {Access Denied} A process has requested access to an object, but has not been granted those access rights. (0xc0000022)
[1116/223212.672:ERROR:exception_snapshot_win.cc(99)] thread ID 15224 not found in process
[1116/223212.715:ERROR:process_reader_win.cc(123)] NtOpenThread: {Access Denied} A process has requested access to an object, but has not been granted those access rights. (0xc0000022)
[1116/223212.715:ERROR:exception_snapshot_win.cc(99)] thread ID 16388 not found in process
[1116/223640.330:ERROR:process_reader_win.cc(123)] NtOpenThread: {Access Denied} A process has requested access to an object, but has not been granted those access rights. (0xc0000022)
[1116/223640.333:ERROR:exception_snapshot_win.cc(99)] thread ID 16172 not found in process
[1116/223640.358:ERROR:process_reader_win.cc(123)] NtOpenThread: {Access Denied} A process has requested access to an object, but has not been granted those access rights. (0xc0000022)
[1116/223640.358:ERROR:exception_snapshot_win.cc(99)] thread ID 17796 not found in process
[1116/223730.304:ERROR:process_reader_win.cc(123)] NtOpenThread: {Access Denied} A process has requested access to an object, but has not been granted those access rights. (0xc0000022)
[1116/223730.307:ERROR:exception_snapshot_win.cc(99)] thread ID 16332 not found in process
[1116/223730.331:ERROR:process_reader_win.cc(123)] NtOpenThread: {Access Denied} A process has requested access to an object, but has not been granted those access rights. (0xc0000022)
[1116/223730.331:ERROR:exception_snapshot_win.cc(99)] thread ID 18048 not found in process
[1116/223809.036:ERROR:process_reader_win.cc(151)] SuspendThread: Access is denied. (0x5)
[1116/223809.040:ERROR:process_reader_win.cc(151)] SuspendThread: Access is denied. (0x5)
[1116/223809.040:ERROR:process_reader_win.cc(123)] NtOpenThread: {Access Denied} A process has requested access to an object, but has not been granted those access rights. (0xc0000022)
[1116/223809.041:ERROR:exception_snapshot_win.cc(99)] thread ID 15544 not found in process
[1116/223809.068:ERROR:process_reader_win.cc(123)] NtOpenThread: {Access Denied} A process has requested access to an object, but has not been granted those access rights. (0xc0000022)
[1116/223809.068:ERROR:exception_snapshot_win.cc(99)] thread ID 17740 not found in process
[1116/224120.788:ERROR:process_reader_win.cc(123)] NtOpenThread: {Access Denied} A process has requested access to an object, but has not been granted those access rights. (0xc0000022)
[1116/224120.791:ERROR:exception_snapshot_win.cc(99)] thread ID 14024 not found in process
[1116/224120.840:ERROR:process_reader_win.cc(123)] NtOpenThread: {Access Denied} A process has requested access to an object, but has not been granted those access rights. (0xc0000022)
[1116/224120.841:ERROR:exception_snapshot_win.cc(99)] thread ID 15460 not found in process
[1116/224203.579:ERROR:process_reader_win.cc(123)] NtOpenThread: {Access Denied} A process has requested access to an object, but has not been granted those access rights. (0xc0000022)
[1116/224203.582:ERROR:exception_snapshot_win.cc(99)] thread ID 17180 not found in process
[1116/224203.606:ERROR:process_reader_win.cc(123)] NtOpenThread: {Access Denied} A process has requested access to an object, but has not been granted those access rights. (0xc0000022)
[1116/224203.606:ERROR:exception_snapshot_win.cc(99)] thread ID 10948 not found in process
[1116/224554.936:ERROR:process_reader_win.cc(123)] NtOpenThread: {Access Denied} A process has requested access to an object, but has not been granted those access rights. (0xc0000022)
[1116/224554.939:ERROR:exception_snapshot_win.cc(99)] thread ID 13228 not found in process
[1116/224554.974:ERROR:process_reader_win.cc(123)] NtOpenThread: {Access Denied} A process has requested access to an object, but has not been granted those access rights. (0xc0000022)
[1116/224554.975:ERROR:exception_snapshot_win.cc(99)] thread ID 3448 not found in process
[1116/224724.420:ERROR:process_reader_win.cc(151)] SuspendThread: Access is denied. (0x5)
[1116/224724.425:ERROR:process_reader_win.cc(151)] SuspendThread: Access is denied. (0x5)
[1116/224724.425:ERROR:process_reader_win.cc(123)] NtOpenThread: {Access Denied} A process has requested access to an object, but has not been granted those access rights. (0xc0000022)
[1116/224724.425:ERROR:exception_snapshot_win.cc(99)] thread ID 17928 not found in process
[1116/224724.460:ERROR:process_reader_win.cc(123)] NtOpenThread: {Access Denied} A process has requested access to an object, but has not been granted those access rights. (0xc0000022)
[1116/224724.460:ERROR:exception_snapshot_win.cc(99)] thread ID 19428 not found in process
[1116/224753.951:ERROR:process_reader_win.cc(123)] NtOpenThread: {Access Denied} A process has requested access to an object, but has not been granted those access rights. (0xc0000022)
[1116/224753.958:ERROR:exception_snapshot_win.cc(99)] thread ID 17584 not found in process
[1116/224753.991:ERROR:process_reader_win.cc(123)] NtOpenThread: {Access Denied} A process has requested access to an object, but has not been granted those access rights. (0xc0000022)
[1116/224753.991:ERROR:exception_snapshot_win.cc(99)] thread ID 17568 not found in process
[1116/224812.659:ERROR:process_reader_win.cc(123)] NtOpenThread: {Access Denied} A process has requested access to an object, but has not been granted those access rights. (0xc0000022)
[1116/224812.661:ERROR:exception_snapshot_win.cc(99)] thread ID 10504 not found in process
[1116/224812.670:ERROR:process_reader_win.cc(123)] NtOpenThread: {Access Denied} A process has requested access to an object, but has not been granted those access rights. (0xc0000022)
[1116/224812.670:ERROR:exception_snapshot_win.cc(99)] thread ID 18304 not found in process
[1116/224812.704:ERROR:process_reader_win.cc(123)] NtOpenThread: {Access Denied} A process has requested access to an object, but has not been granted those access rights. (0xc0000022)
[1116/224812.704:ERROR:exception_snapshot_win.cc(99)] thread ID 19408 not found in process
[1116/224856.892:ERROR:process_reader_win.cc(123)] NtOpenThread: {Access Denied} A process has requested access to an object, but has not been granted those access rights. (0xc0000022)
[1116/224856.895:ERROR:exception_snapshot_win.cc(99)] thread ID 18156 not found in process
[1116/224856.930:ERROR:process_reader_win.cc(123)] NtOpenThread: {Access Denied} A process has requested access to an object, but has not been granted those access rights. (0xc0000022)
[1116/224856.930:ERROR:exception_snapshot_win.cc(99)] thread ID 19340 not found in process
[1116/225005.759:ERROR:process_reader_win.cc(123)] NtOpenThread: {Access Denied} A process has requested access to an object, but has not been granted those access rights. (0xc0000022)
[1116/225005.762:ERROR:exception_snapshot_win.cc(99)] thread ID 17948 not found in process
[1116/225005.837:ERROR:process_reader_win.cc(123)] NtOpenThread: {Access Denied} A process has requested access to an object, but has not been granted those access rights. (0xc0000022)
[1116/225005.838:ERROR:exception_snapshot_win.cc(99)] thread ID 2312 not found in process
[1116/225438.178:ERROR:process_reader_win.cc(123)] NtOpenThread: {Access Denied} A process has requested access to an object, but has not been granted those access rights. (0xc0000022)
[1116/225438.183:ERROR:exception_snapshot_win.cc(99)] thread ID 17764 not found in process
[1116/225438.226:ERROR:process_reader_win.cc(123)] NtOpenThread: {Access Denied} A process has requested access to an object, but has not been granted those access rights. (0xc0000022)
[1116/225438.226:ERROR:exception_snapshot_win.cc(99)] thread ID 16196 not found in process
[1116/225507.126:ERROR:process_reader_win.cc(151)] SuspendThread: Access is denied. (0x5)
[1116/225507.129:ERROR:process_reader_win.cc(151)] SuspendThread: Access is denied. (0x5)
[1116/225507.129:ERROR:process_reader_win.cc(123)] NtOpenThread: {Access Denied} A process has requested access to an object, but has not been granted those access rights. (0xc0000022)
[1116/225507.130:ERROR:exception_snapshot_win.cc(99)] thread ID 18864 not found in process
[1116/225507.177:ERROR:process_reader_win.cc(151)] SuspendThread: Access is denied. (0x5)
[1116/225507.179:ERROR:process_reader_win.cc(151)] SuspendThread: Access is denied. (0x5)
[1116/225507.179:ERROR:process_reader_win.cc(151)] SuspendThread: Access is denied. (0x5)
[1116/225507.182:ERROR:process_reader_win.cc(151)] SuspendThread: Access is denied. (0x5)
[1116/225507.182:ERROR:process_reader_win.cc(123)] NtOpenThread: {Access Denied} A process has requested access to an object, but has not been granted those access rights. (0xc0000022)
[1116/225507.182:ERROR:exception_snapshot_win.cc(99)] thread ID 19400 not found in process
[1116/225748.228:ERROR:process_reader_win.cc(151)] SuspendThread: Access is denied. (0x5)
[1116/225748.231:ERROR:process_reader_win.cc(151)] SuspendThread: Access is denied. (0x5)
[1116/225748.231:ERROR:process_reader_win.cc(123)] NtOpenThread: {Access Denied} A process has requested access to an object, but has not been granted those access rights. (0xc0000022)
[1116/225748.231:ERROR:exception_snapshot_win.cc(99)] thread ID 17252 not found in process
[1116/225748.278:ERROR:process_reader_win.cc(123)] NtOpenThread: {Access Denied} A process has requested access to an object, but has not been granted those access rights. (0xc0000022)
[1116/225748.278:ERROR:exception_snapshot_win.cc(99)] thread ID 11172 not found in process
[1116/225828.549:ERROR:process_reader_win.cc(151)] SuspendThread: Access is denied. (0x5)
[1116/225828.553:ERROR:process_reader_win.cc(151)] SuspendThread: Access is denied. (0x5)
[1116/225828.553:ERROR:process_reader_win.cc(123)] NtOpenThread: {Access Denied} A process has requested access to an object, but has not been granted those access rights. (0xc0000022)
[1116/225828.553:ERROR:exception_snapshot_win.cc(99)] thread ID 6368 not found in process
[1116/225828.580:ERROR:process_reader_win.cc(151)] SuspendThread: Access is denied. (0x5)
[1116/225828.583:ERROR:process_reader_win.cc(151)] SuspendThread: Access is denied. (0x5)
[1116/225828.583:ERROR:process_reader_win.cc(151)] SuspendThread: Access is denied. (0x5)
[1116/225828.585:ERROR:process_reader_win.cc(151)] SuspendThread: Access is denied. (0x5)
[1116/225828.585:ERROR:process_reader_win.cc(123)] NtOpenThread: {Access Denied} A process has requested access to an object, but has not been granted those access rights. (0xc0000022)
[1116/225828.585:ERROR:exception_snapshot_win.cc(99)] thread ID 17808 not found in process
[1116/225926.171:ERROR:process_reader_win.cc(151)] SuspendThread: Access is denied. (0x5)
[1116/225926.174:ERROR:process_reader_win.cc(151)] SuspendThread: Access is denied. (0x5)
[1116/225926.174:ERROR:process_reader_win.cc(123)] NtOpenThread: {Access Denied} A process has requested access to an object, but has not been granted those access rights. (0xc0000022)
[1116/225926.175:ERROR:exception_snapshot_win.cc(99)] thread ID 18616 not found in process
[1116/225926.223:ERROR:process_reader_win.cc(151)] SuspendThread: Access is denied. (0x5)
[1116/225926.226:ERROR:process_reader_win.cc(151)] SuspendThread: Access is denied. (0x5)
[1116/225926.226:ERROR:process_reader_win.cc(123)] NtOpenThread: {Access Denied} A process has requested access to an object, but has not been granted those access rights. (0xc0000022)
[1116/225926.226:ERROR:exception_snapshot_win.cc(99)] thread ID 17808 not found in process
[1116/230025.112:ERROR:process_reader_win.cc(123)] NtOpenThread: {Access Denied} A process has requested access to an object, but has not been granted those access rights. (0xc0000022)
[1116/230025.117:ERROR:exception_snapshot_win.cc(99)] thread ID 18720 not found in process
[1116/230025.157:ERROR:process_reader_win.cc(123)] NtOpenThread: {Access Denied} A process has requested access to an object, but has not been granted those access rights. (0xc0000022)
[1116/230025.157:ERROR:exception_snapshot_win.cc(99)] thread ID 12348 not found in process
[1116/230054.943:ERROR:process_reader_win.cc(151)] SuspendThread: Access is denied. (0x5)
[1116/230054.946:ERROR:process_reader_win.cc(151)] SuspendThread: Access is denied. (0x5)
[1116/230054.946:ERROR:process_reader_win.cc(123)] NtOpenThread: {Access Denied} A process has requested access to an object, but has not been granted those access rights. (0xc0000022)
[1116/230054.946:ERROR:exception_snapshot_win.cc(99)] thread ID 12740 not found in process
[1116/230054.970:ERROR:process_reader_win.cc(123)] NtOpenThread: {Access Denied} A process has requested access to an object, but has not been granted those access rights. (0xc0000022)
[1116/230054.970:ERROR:exception_snapshot_win.cc(99)] thread ID 15936 not found in process
[1116/230124.697:ERROR:process_reader_win.cc(123)] NtOpenThread: {Access Denied} A process has requested access to an object, but has not been granted those access rights. (0xc0000022)
[1116/230124.701:ERROR:exception_snapshot_win.cc(99)] thread ID 18024 not found in process
[1116/230124.731:ERROR:process_reader_win.cc(123)] NtOpenThread: {Access Denied} A process has requested access to an object, but has not been granted those access rights. (0xc0000022)
[1116/230124.731:ERROR:exception_snapshot_win.cc(99)] thread ID 18720 not found in process
[1116/230216.564:ERROR:process_reader_win.cc(123)] NtOpenThread: {Access Denied} A process has requested access to an object, but has not been granted those access rights. (0xc0000022)
[1116/230216.566:ERROR:exception_snapshot_win.cc(99)] thread ID 17004 not found in process
[1116/230216.603:ERROR:process_reader_win.cc(151)] SuspendThread: Access is denied. (0x5)
[1116/230216.606:ERROR:process_reader_win.cc(151)] SuspendThread: Access is denied. (0x5)
[1116/230216.611:ERROR:process_reader_win.cc(151)] SuspendThread: Access is denied. (0x5)
[1116/230216.611:ERROR:process_reader_win.cc(123)] NtOpenThread: {Access Denied} A process has requested access to an object, but has not been granted those access rights. (0xc0000022)
[1116/230216.611:ERROR:exception_snapshot_win.cc(99)] thread ID 12428 not found in process
[1116/230225.961:ERROR:process_reader_win.cc(123)] NtOpenThread: {Access Denied} A process has requested access to an object, but has not been granted those access rights. (0xc0000022)
[1116/230225.964:ERROR:exception_snapshot_win.cc(99)] thread ID 18132 not found in process
[1116/230225.970:ERROR:process_reader_win.cc(123)] NtOpenThread: {Access Denied} A process has requested access to an object, but has not been granted those access rights. (0xc0000022)
[1116/230225.970:ERROR:exception_snapshot_win.cc(99)] thread ID 16216 not found in process
[1116/230226.018:ERROR:process_reader_win.cc(151)] SuspendThread: Access is denied. (0x5)
[1116/230226.020:ERROR:process_reader_win.cc(151)] SuspendThread: Access is denied. (0x5)
[1116/230226.022:ERROR:process_reader_win.cc(151)] SuspendThread: Access is denied. (0x5)
[1116/230226.022:ERROR:process_reader_win.cc(123)] NtOpenThread: {Access Denied} A process has requested access to an object, but has not been granted those access rights. (0xc0000022)
[1116/230226.022:ERROR:exception_snapshot_win.cc(99)] thread ID 17808 not found in process
[1116/230334.297:ERROR:process_reader_win.cc(123)] NtOpenThread: {Access Denied} A process has requested access to an object, but has not been granted those access rights. (0xc0000022)
[1116/230334.301:ERROR:exception_snapshot_win.cc(99)] thread ID 17116 not found in process
[1116/230334.333:ERROR:process_reader_win.cc(123)] NtOpenThread: {Access Denied} A process has requested access to an object, but has not been granted those access rights. (0xc0000022)
[1116/230334.333:ERROR:exception_snapshot_win.cc(99)] thread ID 12524 not found in process
[1116/230334.391:ERROR:process_reader_win.cc(151)] SuspendThread: Access is denied. (0x5)
[1116/230334.394:ERROR:process_reader_win.cc(151)] SuspendThread: Access is denied. (0x5)
[1116/230334.394:ERROR:process_reader_win.cc(123)] NtOpenThread: {Access Denied} A process has requested access to an object, but has not been granted those access rights. (0xc0000022)
[1116/230334.394:ERROR:exception_snapshot_win.cc(99)] thread ID 3116 not found in process
[1116/235046.417:ERROR:directory_reader_win.cc(43)] FindFirstFile: The system cannot find the path specified. (0x3)
[1117/213725.588:ERROR:directory_reader_win.cc(43)] FindFirstFile: The system cannot find the path specified. (0x3)
[1119/215837.543:ERROR:process_reader_win.cc(151)] SuspendThread: Access is denied. (0x5)
[1119/215837.553:ERROR:process_reader_win.cc(123)] NtOpenThread: {Access Denied} A process has requested access to an object, but has not been granted those access rights. (0xc0000022)
[1119/215837.555:ERROR:exception_snapshot_win.cc(99)] thread ID 15852 not found in process
[1119/215837.603:ERROR:process_reader_win.cc(151)] SuspendThread: Access is denied. (0x5)
[1119/215837.606:ERROR:process_reader_win.cc(151)] SuspendThread: Access is denied. (0x5)
[1119/215837.608:ERROR:process_reader_win.cc(151)] SuspendThread: Access is denied. (0x5)
[1119/215837.608:ERROR:process_reader_win.cc(123)] NtOpenThread: {Access Denied} A process has requested access to an object, but has not been granted those access rights. (0xc0000022)
[1119/215837.608:ERROR:exception_snapshot_win.cc(99)] thread ID 16216 not found in process
[1119/220341.944:ERROR:process_reader_win.cc(123)] NtOpenThread: {Access Denied} A process has requested access to an object, but has not been granted those access rights. (0xc0000022)
[1119/220341.947:ERROR:exception_snapshot_win.cc(99)] thread ID 20692 not found in process
[1119/220341.975:ERROR:process_reader_win.cc(123)] NtOpenThread: {Access Denied} A process has requested access to an object, but has not been granted those access rights. (0xc0000022)
[1119/220341.975:ERROR:exception_snapshot_win.cc(99)] thread ID 20736 not found in process
[1119/220429.949:ERROR:process_reader_win.cc(123)] NtOpenThread: {Access Denied} A process has requested access to an object, but has not been granted those access rights. (0xc0000022)
[1119/220429.953:ERROR:exception_snapshot_win.cc(99)] thread ID 13672 not found in process
[1119/220429.994:ERROR:process_reader_win.cc(123)] NtOpenThread: {Access Denied} A process has requested access to an object, but has not been granted those access rights. (0xc0000022)
[1119/220429.995:ERROR:exception_snapshot_win.cc(99)] thread ID 19908 not found in process
[1119/221057.137:ERROR:process_reader_win.cc(123)] NtOpenThread: {Access Denied} A process has requested access to an object, but has not been granted those access rights. (0xc0000022)
[1119/221057.166:ERROR:exception_snapshot_win.cc(99)] thread ID 18176 not found in process
[1119/221057.206:ERROR:process_reader_win.cc(151)] SuspendThread: Access is denied. (0x5)
[1119/221057.225:ERROR:process_reader_win.cc(151)] SuspendThread: Access is denied. (0x5)
[1119/221057.227:ERROR:process_reader_win.cc(151)] SuspendThread: Access is denied. (0x5)
[1119/221057.227:ERROR:process_reader_win.cc(123)] NtOpenThread: {Access Denied} A process has requested access to an object, but has not been granted those access rights. (0xc0000022)
[1119/221057.227:ERROR:exception_snapshot_win.cc(99)] thread ID 16568 not found in process
[1119/221240.929:ERROR:process_reader_win.cc(123)] NtOpenThread: {Access Denied} A process has requested access to an object, but has not been granted those access rights. (0xc0000022)
[1119/221240.932:ERROR:exception_snapshot_win.cc(99)] thread ID 7108 not found in process
[1119/221240.982:ERROR:process_reader_win.cc(123)] NtOpenThread: {Access Denied} A process has requested access to an object, but has not been granted those access rights. (0xc0000022)
[1119/221240.982:ERROR:exception_snapshot_win.cc(99)] thread ID 22048 not found in process
[1119/221408.450:ERROR:process_reader_win.cc(123)] NtOpenThread: {Access Denied} A process has requested access to an object, but has not been granted those access rights. (0xc0000022)
[1119/221408.453:ERROR:exception_snapshot_win.cc(99)] thread ID 10304 not found in process
[1119/221408.482:ERROR:process_reader_win.cc(151)] SuspendThread: Access is denied. (0x5)
[1119/221408.485:ERROR:process_reader_win.cc(151)] SuspendThread: Access is denied. (0x5)
[1119/221408.487:ERROR:process_reader_win.cc(151)] SuspendThread: Access is denied. (0x5)
[1119/221408.487:ERROR:process_reader_win.cc(123)] NtOpenThread: {Access Denied} A process has requested access to an object, but has not been granted those access rights. (0xc0000022)
[1119/221408.487:ERROR:exception_snapshot_win.cc(99)] thread ID 17128 not found in process
[1119/221452.550:ERROR:process_reader_win.cc(123)] NtOpenThread: {Access Denied} A process has requested access to an object, but has not been granted those access rights. (0xc0000022)
[1119/221452.554:ERROR:exception_snapshot_win.cc(99)] thread ID 17912 not found in process
[1119/221452.588:ERROR:process_reader_win.cc(123)] NtOpenThread: {Access Denied} A process has requested access to an object, but has not been granted those access rights. (0xc0000022)
[1119/221452.588:ERROR:exception_snapshot_win.cc(99)] thread ID 14628 not found in process
[1119/221607.279:ERROR:process_reader_win.cc(123)] NtOpenThread: {Access Denied} A process has requested access to an object, but has not been granted those access rights. (0xc0000022)
[1119/221607.283:ERROR:exception_snapshot_win.cc(99)] thread ID 17276 not found in process
[1119/221607.317:ERROR:process_reader_win.cc(123)] NtOpenThread: {Access Denied} A process has requested access to an object, but has not been granted those access rights. (0xc0000022)
[1119/221607.318:ERROR:exception_snapshot_win.cc(99)] thread ID 22280 not found in process
[1119/221658.259:ERROR:process_reader_win.cc(151)] SuspendThread: Access is denied. (0x5)
[1119/221658.263:ERROR:process_reader_win.cc(151)] SuspendThread: Access is denied. (0x5)
[1119/221658.263:ERROR:process_reader_win.cc(123)] NtOpenThread: {Access Denied} A process has requested access to an object, but has not been granted those access rights. (0xc0000022)
[1119/221658.264:ERROR:exception_snapshot_win.cc(99)] thread ID 16592 not found in process
[1119/221658.304:ERROR:process_reader_win.cc(151)] SuspendThread: Access is denied. (0x5)
[1119/221658.306:ERROR:process_reader_win.cc(151)] SuspendThread: Access is denied. (0x5)
[1119/221658.306:ERROR:process_reader_win.cc(151)] SuspendThread: Access is denied. (0x5)
[1119/221658.308:ERROR:process_reader_win.cc(151)] SuspendThread: Access is denied. (0x5)
[1119/221658.308:ERROR:process_reader_win.cc(123)] NtOpenThread: {Access Denied} A process has requested access to an object, but has not been granted those access rights. (0xc0000022)
[1119/221658.308:ERROR:exception_snapshot_win.cc(99)] thread ID 21728 not found in process
[1119/222013.568:ERROR:process_reader_win.cc(151)] SuspendThread: Access is denied. (0x5)
[1119/222013.571:ERROR:process_reader_win.cc(151)] SuspendThread: Access is denied. (0x5)
[1119/222013.571:ERROR:process_reader_win.cc(123)] NtOpenThread: {Access Denied} A process has requested access to an object, but has not been granted those access rights. (0xc0000022)
[1119/222013.572:ERROR:exception_snapshot_win.cc(99)] thread ID 12508 not found in process
[1119/222013.593:ERROR:process_reader_win.cc(151)] SuspendThread: Access is denied. (0x5)
[1119/222013.596:ERROR:process_reader_win.cc(151)] SuspendThread: Access is denied. (0x5)
[1119/222013.596:ERROR:process_reader_win.cc(151)] SuspendThread: Access is denied. (0x5)
[1119/222013.598:ERROR:process_reader_win.cc(151)] SuspendThread: Access is denied. (0x5)
[1119/222013.598:ERROR:process_reader_win.cc(123)] NtOpenThread: {Access Denied} A process has requested access to an object, but has not been granted those access rights. (0xc0000022)
[1119/222013.598:ERROR:exception_snapshot_win.cc(99)] thread ID 18412 not found in process
[1119/222237.064:ERROR:process_reader_win.cc(123)] NtOpenThread: {Access Denied} A process has requested access to an object, but has not been granted those access rights. (0xc0000022)
[1119/222237.068:ERROR:exception_snapshot_win.cc(99)] thread ID 16672 not found in process
[1119/222237.112:ERROR:process_reader_win.cc(123)] NtOpenThread: {Access Denied} A process has requested access to an object, but has not been granted those access rights. (0xc0000022)
[1119/222237.112:ERROR:exception_snapshot_win.cc(99)] thread ID 22076 not found in process
[1119/222603.731:ERROR:process_reader_win.cc(123)] NtOpenThread: {Access Denied} A process has requested access to an object, but has not been granted those access rights. (0xc0000022)
[1119/222603.734:ERROR:exception_snapshot_win.cc(99)] thread ID 11268 not found in process
[1119/222603.770:ERROR:process_reader_win.cc(123)] NtOpenThread: {Access Denied} A process has requested access to an object, but has not been granted those access rights. (0xc0000022)
[1119/222603.770:ERROR:exception_snapshot_win.cc(99)] thread ID 21740 not found in process
[1119/223124.888:ERROR:process_reader_win.cc(123)] NtOpenThread: {Access Denied} A process has requested access to an object, but has not been granted those access rights. (0xc0000022)
[1119/223124.892:ERROR:exception_snapshot_win.cc(99)] thread ID 17704 not found in process
[1119/223124.920:ERROR:process_reader_win.cc(123)] NtOpenThread: {Access Denied} A process has requested access to an object, but has not been granted those access rights. (0xc0000022)
[1119/223124.920:ERROR:exception_snapshot_win.cc(99)] thread ID 20732 not found in process
[1119/223203.063:ERROR:process_reader_win.cc(151)] SuspendThread: Access is denied. (0x5)
[1119/223203.067:ERROR:process_reader_win.cc(151)] SuspendThread: Access is denied. (0x5)
[1119/223203.067:ERROR:process_reader_win.cc(123)] NtOpenThread: {Access Denied} A process has requested access to an object, but has not been granted those access rights. (0xc0000022)
[1119/223203.068:ERROR:exception_snapshot_win.cc(99)] thread ID 4668 not found in process
[1119/223203.098:ERROR:process_reader_win.cc(151)] SuspendThread: Access is denied. (0x5)
[1119/223203.098:ERROR:process_reader_win.cc(151)] SuspendThread: Access is denied. (0x5)
[1119/223203.098:ERROR:process_reader_win.cc(151)] SuspendThread: Access is denied. (0x5)
[1119/223203.100:ERROR:process_reader_win.cc(151)] SuspendThread: Access is denied. (0x5)
[1119/223203.100:ERROR:process_reader_win.cc(123)] NtOpenThread: {Access Denied} A process has requested access to an object, but has not been granted those access rights. (0xc0000022)
[1119/223203.100:ERROR:exception_snapshot_win.cc(99)] thread ID 18196 not found in process
[1119/223244.986:ERROR:process_reader_win.cc(123)] NtOpenThread: {Access Denied} A process has requested access to an object, but has not been granted those access rights. (0xc0000022)
[1119/223244.989:ERROR:exception_snapshot_win.cc(99)] thread ID 10468 not found in process
[1119/223245.033:ERROR:process_reader_win.cc(123)] NtOpenThread: {Access Denied} A process has requested access to an object, but has not been granted those access rights. (0xc0000022)
[1119/223245.034:ERROR:exception_snapshot_win.cc(99)] thread ID 22144 not found in process
[1119/223336.106:ERROR:process_reader_win.cc(123)] NtOpenThread: {Access Denied} A process has requested access to an object, but has not been granted those access rights. (0xc0000022)
[1119/223336.108:ERROR:exception_snapshot_win.cc(99)] thread ID 17956 not found in process
[1119/223336.153:ERROR:process_reader_win.cc(123)] NtOpenThread: {Access Denied} A process has requested access to an object, but has not been granted those access rights. (0xc0000022)
[1119/223336.154:ERROR:exception_snapshot_win.cc(99)] thread ID 15272 not found in process
[1119/223408.482:ERROR:process_reader_win.cc(123)] NtOpenThread: {Access Denied} A process has requested access to an object, but has not been granted those access rights. (0xc0000022)
[1119/223408.485:ERROR:exception_snapshot_win.cc(99)] thread ID 19552 not found in process
[1119/223408.516:ERROR:process_reader_win.cc(123)] NtOpenThread: {Access Denied} A process has requested access to an object, but has not been granted those access rights. (0xc0000022)
[1119/223408.517:ERROR:exception_snapshot_win.cc(99)] thread ID 16040 not found in process
[1119/223426.371:ERROR:process_reader_win.cc(151)] SuspendThread: Access is denied. (0x5)
[1119/223426.375:ERROR:process_reader_win.cc(151)] SuspendThread: Access is denied. (0x5)
[1119/223426.375:ERROR:process_reader_win.cc(123)] NtOpenThread: {Access Denied} A process has requested access to an object, but has not been granted those access rights. (0xc0000022)
[1119/223426.375:ERROR:exception_snapshot_win.cc(99)] thread ID 18160 not found in process
[1119/223426.379:ERROR:process_reader_win.cc(151)] SuspendThread: Access is denied. (0x5)
[1119/223426.380:ERROR:process_reader_win.cc(123)] NtOpenThread: {Access Denied} A process has requested access to an object, but has not been granted those access rights. (0xc0000022)
[1119/223426.380:ERROR:exception_snapshot_win.cc(99)] thread ID 22480 not found in process
[1119/223426.416:ERROR:process_reader_win.cc(151)] SuspendThread: Access is denied. (0x5)
[1119/223426.417:ERROR:process_reader_win.cc(151)] SuspendThread: Access is denied. (0x5)
[1119/223426.420:ERROR:process_reader_win.cc(151)] SuspendThread: Access is denied. (0x5)
[1119/223426.420:ERROR:process_reader_win.cc(123)] NtOpenThread: {Access Denied} A process has requested access to an object, but has not been granted those access rights. (0xc0000022)
[1119/223426.420:ERROR:exception_snapshot_win.cc(99)] thread ID 18012 not found in process
[1119/223921.833:ERROR:process_reader_win.cc(123)] NtOpenThread: {Access Denied} A process has requested access to an object, but has not been granted those access rights. (0xc0000022)
[1119/223921.838:ERROR:exception_snapshot_win.cc(99)] thread ID 560 not found in process
[1119/223921.898:ERROR:process_reader_win.cc(123)] NtOpenThread: {Access Denied} A process has requested access to an object, but has not been granted those access rights. (0xc0000022)
[1119/223921.898:ERROR:exception_snapshot_win.cc(99)] thread ID 17836 not found in process
[1119/224233.869:ERROR:process_reader_win.cc(123)] NtOpenThread: {Access Denied} A process has requested access to an object, but has not been granted those access rights. (0xc0000022)
[1119/224233.872:ERROR:exception_snapshot_win.cc(99)] thread ID 17584 not found in process
[1119/224233.917:ERROR:process_reader_win.cc(123)] NtOpenThread: {Access Denied} A process has requested access to an object, but has not been granted those access rights. (0xc0000022)
[1119/224233.917:ERROR:exception_snapshot_win.cc(99)] thread ID 22408 not found in process
[1119/224449.302:ERROR:process_reader_win.cc(123)] NtOpenThread: {Access Denied} A process has requested access to an object, but has not been granted those access rights. (0xc0000022)
[1119/224449.305:ERROR:exception_snapshot_win.cc(99)] thread ID 21956 not found in process
[1119/224449.353:ERROR:process_reader_win.cc(123)] NtOpenThread: {Access Denied} A process has requested access to an object, but has not been granted those access rights. (0xc0000022)
[1119/224449.353:ERROR:exception_snapshot_win.cc(99)] thread ID 8996 not found in process
[1119/224911.526:ERROR:process_reader_win.cc(123)] NtOpenThread: {Access Denied} A process has requested access to an object, but has not been granted those access rights. (0xc0000022)
[1119/224911.529:ERROR:exception_snapshot_win.cc(99)] thread ID 11672 not found in process
[1119/224911.573:ERROR:process_reader_win.cc(123)] NtOpenThread: {Access Denied} A process has requested access to an object, but has not been granted those access rights. (0xc0000022)
[1119/224911.573:ERROR:exception_snapshot_win.cc(99)] thread ID 21096 not found in process
[1119/225016.973:ERROR:process_reader_win.cc(123)] NtOpenThread: {Access Denied} A process has requested access to an object, but has not been granted those access rights. (0xc0000022)
[1119/225016.976:ERROR:exception_snapshot_win.cc(99)] thread ID 14756 not found in process
[1119/225016.980:ERROR:process_reader_win.cc(123)] NtOpenThread: {Access Denied} A process has requested access to an object, but has not been granted those access rights. (0xc0000022)
[1119/225016.981:ERROR:exception_snapshot_win.cc(99)] thread ID 13668 not found in process
[1119/225017.017:ERROR:process_reader_win.cc(123)] NtOpenThread: {Access Denied} A process has requested access to an object, but has not been granted those access rights. (0xc0000022)
[1119/225017.018:ERROR:exception_snapshot_win.cc(99)] thread ID 17128 not found in process
[1119/225217.589:ERROR:process_reader_win.cc(123)] NtOpenThread: {Access Denied} A process has requested access to an object, but has not been granted those access rights. (0xc0000022)
[1119/225217.592:ERROR:exception_snapshot_win.cc(99)] thread ID 14780 not found in process
[1119/225217.628:ERROR:process_reader_win.cc(123)] NtOpenThread: {Access Denied} A process has requested access to an object, but has not been granted those access rights. (0xc0000022)
[1119/225217.629:ERROR:exception_snapshot_win.cc(99)] thread ID 9028 not found in process
[1119/225337.427:ERROR:process_reader_win.cc(123)] NtOpenThread: {Access Denied} A process has requested access to an object, but has not been granted those access rights. (0xc0000022)
[1119/225337.430:ERROR:exception_snapshot_win.cc(99)] thread ID 9644 not found in process
[1119/225337.468:ERROR:process_reader_win.cc(123)] NtOpenThread: {Access Denied} A process has requested access to an object, but has not been granted those access rights. (0xc0000022)
[1119/225337.468:ERROR:exception_snapshot_win.cc(99)] thread ID 12544 not found in process
[1119/225511.826:ERROR:process_reader_win.cc(123)] NtOpenThread: {Access Denied} A process has requested access to an object, but has not been granted those access rights. (0xc0000022)
[1119/225511.829:ERROR:exception_snapshot_win.cc(99)] thread ID 21172 not found in process
[1119/225511.863:ERROR:process_reader_win.cc(123)] NtOpenThread: {Access Denied} A process has requested access to an object, but has not been granted those access rights. (0xc0000022)
[1119/225511.863:ERROR:exception_snapshot_win.cc(99)] thread ID 19152 not found in process
[1119/225617.608:ERROR:process_reader_win.cc(123)] NtOpenThread: {Access Denied} A process has requested access to an object, but has not been granted those access rights. (0xc0000022)
[1119/225617.611:ERROR:exception_snapshot_win.cc(99)] thread ID 9580 not found in process
[1119/225617.619:ERROR:process_reader_win.cc(123)] NtOpenThread: {Access Denied} A process has requested access to an object, but has not been granted those access rights. (0xc0000022)
[1119/225617.620:ERROR:exception_snapshot_win.cc(99)] thread ID 8536 not found in process
[1119/225617.655:ERROR:process_reader_win.cc(123)] NtOpenThread: {Access Denied} A process has requested access to an object, but has not been granted those access rights. (0xc0000022)
[1119/225617.655:ERROR:exception_snapshot_win.cc(99)] thread ID 7384 not found in process
[1119/225701.672:ERROR:process_reader_win.cc(123)] NtOpenThread: {Access Denied} A process has requested access to an object, but has not been granted those access rights. (0xc0000022)
[1119/225701.675:ERROR:exception_snapshot_win.cc(99)] thread ID 8896 not found in process
[1119/225701.705:ERROR:process_reader_win.cc(123)] NtOpenThread: {Access Denied} A process has requested access to an object, but has not been granted those access rights. (0xc0000022)
[1119/225701.705:ERROR:exception_snapshot_win.cc(99)] thread ID 17732 not found in process
[1119/225818.636:ERROR:process_reader_win.cc(151)] SuspendThread: Access is denied. (0x5)
[1119/225818.639:ERROR:process_reader_win.cc(151)] SuspendThread: Access is denied. (0x5)
[1119/225818.639:ERROR:process_reader_win.cc(123)] NtOpenThread: {Access Denied} A process has requested access to an object, but has not been granted those access rights. (0xc0000022)
[1119/225818.639:ERROR:exception_snapshot_win.cc(99)] thread ID 21824 not found in process
[1119/225818.686:ERROR:process_reader_win.cc(151)] SuspendThread: Access is denied. (0x5)
[1119/225818.688:ERROR:process_reader_win.cc(151)] SuspendThread: Access is denied. (0x5)
[1119/225818.688:ERROR:process_reader_win.cc(151)] SuspendThread: Access is denied. (0x5)
[1119/225818.691:ERROR:process_reader_win.cc(151)] SuspendThread: Access is denied. (0x5)
[1119/225818.693:ERROR:process_reader_win.cc(151)] SuspendThread: Access is denied. (0x5)
[1119/225818.693:ERROR:process_reader_win.cc(123)] NtOpenThread: {Access Denied} A process has requested access to an object, but has not been granted those access rights. (0xc0000022)
[1119/225818.693:ERROR:exception_snapshot_win.cc(99)] thread ID 22508 not found in process
[1119/225943.046:ERROR:process_reader_win.cc(123)] NtOpenThread: {Access Denied} A process has requested access to an object, but has not been granted those access rights. (0xc0000022)
[1119/225943.049:ERROR:exception_snapshot_win.cc(99)] thread ID 19948 not found in process
[1119/225943.097:ERROR:process_reader_win.cc(123)] NtOpenThread: {Access Denied} A process has requested access to an object, but has not been granted those access rights. (0xc0000022)
[1119/225943.097:ERROR:exception_snapshot_win.cc(99)] thread ID 7896 not found in process
[1119/230021.050:ERROR:process_reader_win.cc(123)] NtOpenThread: {Access Denied} A process has requested access to an object, but has not been granted those access rights. (0xc0000022)
[1119/230021.053:ERROR:exception_snapshot_win.cc(99)] thread ID 22320 not found in process
[1119/230021.096:ERROR:process_reader_win.cc(123)] NtOpenThread: {Access Denied} A process has requested access to an object, but has not been granted those access rights. (0xc0000022)
[1119/230021.097:ERROR:exception_snapshot_win.cc(99)] thread ID 16936 not found in process
[1119/230139.644:ERROR:process_reader_win.cc(123)] NtOpenThread: {Access Denied} A process has requested access to an object, but has not been granted those access rights. (0xc0000022)
[1119/230139.647:ERROR:exception_snapshot_win.cc(99)] thread ID 22164 not found in process
[1119/230139.684:ERROR:process_reader_win.cc(123)] NtOpenThread: {Access Denied} A process has requested access to an object, but has not been granted those access rights. (0xc0000022)
[1119/230139.685:ERROR:exception_snapshot_win.cc(99)] thread ID 9136 not found in process
[1119/230354.252:ERROR:process_reader_win.cc(123)] NtOpenThread: {Access Denied} A process has requested access to an object, but has not been granted those access rights. (0xc0000022)
[1119/230354.255:ERROR:exception_snapshot_win.cc(99)] thread ID 22460 not found in process
[1119/230354.307:ERROR:process_reader_win.cc(151)] SuspendThread: Access is denied. (0x5)
[1119/230354.307:ERROR:process_reader_win.cc(123)] NtOpenThread: {Access Denied} A process has requested access to an object, but has not been granted those access rights. (0xc0000022)
[1119/230354.307:ERROR:exception_snapshot_win.cc(99)] thread ID 22344 not found in process
[1119/230509.178:ERROR:process_reader_win.cc(123)] NtOpenThread: {Access Denied} A process has requested access to an object, but has not been granted those access rights. (0xc0000022)
[1119/230509.181:ERROR:exception_snapshot_win.cc(99)] thread ID 21832 not found in process
[1119/230509.226:ERROR:process_reader_win.cc(123)] NtOpenThread: {Access Denied} A process has requested access to an object, but has not been granted those access rights. (0xc0000022)
[1119/230509.227:ERROR:exception_snapshot_win.cc(99)] thread ID 21200 not found in process
[1119/230531.089:ERROR:process_reader_win.cc(123)] NtOpenThread: {Access Denied} A process has requested access to an object, but has not been granted those access rights. (0xc0000022)
[1119/230531.092:ERROR:exception_snapshot_win.cc(99)] thread ID 21556 not found in process
[1119/230531.119:ERROR:process_reader_win.cc(123)] NtOpenThread: {Access Denied} A process has requested access to an object, but has not been granted those access rights. (0xc0000022)
[1119/230531.119:ERROR:exception_snapshot_win.cc(99)] thread ID 9656 not found in process
[1119/230610.629:ERROR:process_reader_win.cc(123)] NtOpenThread: {Access Denied} A process has requested access to an object, but has not been granted those access rights. (0xc0000022)
[1119/230610.632:ERROR:exception_snapshot_win.cc(99)] thread ID 10344 not found in process
[1119/230610.668:ERROR:process_reader_win.cc(123)] NtOpenThread: {Access Denied} A process has requested access to an object, but has not been granted those access rights. (0xc0000022)
[1119/230610.668:ERROR:exception_snapshot_win.cc(99)] thread ID 20704 not found in process
[1119/230733.069:ERROR:process_reader_win.cc(123)] NtOpenThread: {Access Denied} A process has requested access to an object, but has not been granted those access rights. (0xc0000022)
[1119/230733.071:ERROR:exception_snapshot_win.cc(99)] thread ID 20740 not found in process
[1119/230733.101:ERROR:process_reader_win.cc(123)] NtOpenThread: {Access Denied} A process has requested access to an object, but has not been granted those access rights. (0xc0000022)
[1119/230733.102:ERROR:exception_snapshot_win.cc(99)] thread ID 3008 not found in process
[1119/230940.283:ERROR:process_reader_win.cc(123)] NtOpenThread: {Access Denied} A process has requested access to an object, but has not been granted those access rights. (0xc0000022)
[1119/230940.286:ERROR:exception_snapshot_win.cc(99)] thread ID 21828 not found in process
[1119/230940.296:ERROR:process_reader_win.cc(123)] NtOpenThread: {Access Denied} A process has requested access to an object, but has not been granted those access rights. (0xc0000022)
[1119/230940.296:ERROR:exception_snapshot_win.cc(99)] thread ID 824 not found in process
[1119/230940.323:ERROR:process_reader_win.cc(123)] NtOpenThread: {Access Denied} A process has requested access to an object, but has not been granted those access rights. (0xc0000022)
[1119/230940.323:ERROR:exception_snapshot_win.cc(99)] thread ID 21900 not found in process
[1119/231016.626:ERROR:process_reader_win.cc(123)] NtOpenThread: {Access Denied} A process has requested access to an object, but has not been granted those access rights. (0xc0000022)
[1119/231016.629:ERROR:exception_snapshot_win.cc(99)] thread ID 14292 not found in process
[1119/231016.691:ERROR:process_reader_win.cc(151)] SuspendThread: Access is denied. (0x5)
[1119/231016.693:ERROR:process_reader_win.cc(151)] SuspendThread: Access is denied. (0x5)
[1119/231016.693:ERROR:process_reader_win.cc(123)] NtOpenThread: {Access Denied} A process has requested access to an object, but has not been granted those access rights. (0xc0000022)
[1119/231016.693:ERROR:exception_snapshot_win.cc(99)] thread ID 7736 not found in process
[1119/231923.339:ERROR:process_reader_win.cc(123)] NtOpenThread: {Access Denied} A process has requested access to an object, but has not been granted those access rights. (0xc0000022)
[1119/231923.342:ERROR:exception_snapshot_win.cc(99)] thread ID 21944 not found in process
[1119/231923.385:ERROR:process_reader_win.cc(123)] NtOpenThread: {Access Denied} A process has requested access to an object, but has not been granted those access rights. (0xc0000022)
[1119/231923.385:ERROR:exception_snapshot_win.cc(99)] thread ID 18760 not found in process
[1119/231950.213:ERROR:process_reader_win.cc(123)] NtOpenThread: {Access Denied} A process has requested access to an object, but has not been granted those access rights. (0xc0000022)
[1119/231950.217:ERROR:exception_snapshot_win.cc(99)] thread ID 21644 not found in process
[1119/231950.252:ERROR:process_reader_win.cc(123)] NtOpenThread: {Access Denied} A process has requested access to an object, but has not been granted those access rights. (0xc0000022)
[1119/231950.252:ERROR:exception_snapshot_win.cc(99)] thread ID 13428 not found in process
[1119/232036.763:ERROR:process_reader_win.cc(151)] SuspendThread: Access is denied. (0x5)
[1119/232036.766:ERROR:process_reader_win.cc(151)] SuspendThread: Access is denied. (0x5)
[1119/232036.766:ERROR:process_reader_win.cc(123)] NtOpenThread: {Access Denied} A process has requested access to an object, but has not been granted those access rights. (0xc0000022)
[1119/232036.767:ERROR:exception_snapshot_win.cc(99)] thread ID 22216 not found in process
[1119/232036.803:ERROR:process_reader_win.cc(151)] SuspendThread: Access is denied. (0x5)
[1119/232036.803:ERROR:process_reader_win.cc(123)] NtOpenThread: {Access Denied} A process has requested access to an object, but has not been granted those access rights. (0xc0000022)
[1119/232036.803:ERROR:exception_snapshot_win.cc(99)] thread ID 9136 not found in process
[1119/232115.262:ERROR:process_reader_win.cc(123)] NtOpenThread: {Access Denied} A process has requested access to an object, but has not been granted those access rights. (0xc0000022)
[1119/232115.265:ERROR:exception_snapshot_win.cc(99)] thread ID 8432 not found in process
[1119/232115.297:ERROR:process_reader_win.cc(123)] NtOpenThread: {Access Denied} A process has requested access to an object, but has not been granted those access rights. (0xc0000022)
[1119/232115.297:ERROR:exception_snapshot_win.cc(99)] thread ID 13356 not found in process
[1119/232224.851:ERROR:process_reader_win.cc(123)] NtOpenThread: {Access Denied} A process has requested access to an object, but has not been granted those access rights. (0xc0000022)
[1119/232224.854:ERROR:exception_snapshot_win.cc(99)] thread ID 2320 not found in process
[1119/232224.891:ERROR:process_reader_win.cc(123)] NtOpenThread: {Access Denied} A process has requested access to an object, but has not been granted those access rights. (0xc0000022)
[1119/232224.891:ERROR:exception_snapshot_win.cc(99)] thread ID 21576 not found in process
[1119/232317.326:ERROR:process_reader_win.cc(123)] NtOpenThread: {Access Denied} A process has requested access to an object, but has not been granted those access rights. (0xc0000022)
[1119/232317.328:ERROR:exception_snapshot_win.cc(99)] thread ID 21472 not found in process
[1119/232317.366:ERROR:process_reader_win.cc(123)] NtOpenThread: {Access Denied} A process has requested access to an object, but has not been granted those access rights. (0xc0000022)
[1119/232317.366:ERROR:exception_snapshot_win.cc(99)] thread ID 2312 not found in process
[1119/232338.411:ERROR:process_reader_win.cc(123)] NtOpenThread: {Access Denied} A process has requested access to an object, but has not been granted those access rights. (0xc0000022)
[1119/232338.414:ERROR:exception_snapshot_win.cc(99)] thread ID 10672 not found in process
[1119/232338.445:ERROR:process_reader_win.cc(123)] NtOpenThread: {Access Denied} A process has requested access to an object, but has not been granted those access rights. (0xc0000022)
[1119/232338.446:ERROR:exception_snapshot_win.cc(99)] thread ID 14700 not found in process
[1119/232351.011:ERROR:process_reader_win.cc(123)] NtOpenThread: {Access Denied} A process has requested access to an object, but has not been granted those access rights. (0xc0000022)
[1119/232351.014:ERROR:exception_snapshot_win.cc(99)] thread ID 9376 not found in process
[1119/232351.013:ERROR:process_reader_win.cc(123)] NtOpenThread: {Access Denied} A process has requested access to an object, but has not been granted those access rights. (0xc0000022)
[1119/232351.015:ERROR:exception_snapshot_win.cc(99)] thread ID 21556 not found in process
[1119/232351.062:ERROR:process_reader_win.cc(123)] NtOpenThread: {Access Denied} A process has requested access to an object, but has not been granted those access rights. (0xc0000022)
[1119/232351.062:ERROR:exception_snapshot_win.cc(99)] thread ID 7560 not found in process
[1119/232545.148:ERROR:process_reader_win.cc(123)] NtOpenThread: {Access Denied} A process has requested access to an object, but has not been granted those access rights. (0xc0000022)
[1119/232545.152:ERROR:exception_snapshot_win.cc(99)] thread ID 22012 not found in process
[1119/232545.191:ERROR:process_reader_win.cc(123)] NtOpenThread: {Access Denied} A process has requested access to an object, but has not been granted those access rights. (0xc0000022)
[1119/232545.191:ERROR:exception_snapshot_win.cc(99)] thread ID 18148 not found in process
[1119/233328.919:ERROR:process_reader_win.cc(123)] NtOpenThread: {Access Denied} A process has requested access to an object, but has not been granted those access rights. (0xc0000022)
[1119/233328.922:ERROR:exception_snapshot_win.cc(99)] thread ID 17552 not found in process
[1119/233328.956:ERROR:process_reader_win.cc(123)] NtOpenThread: {Access Denied} A process has requested access to an object, but has not been granted those access rights. (0xc0000022)
[1119/233328.956:ERROR:exception_snapshot_win.cc(99)] thread ID 15092 not found in process
[1119/234050.912:ERROR:process_reader_win.cc(123)] NtOpenThread: {Access Denied} A process has requested access to an object, but has not been granted those access rights. (0xc0000022)
[1119/234050.917:ERROR:exception_snapshot_win.cc(99)] thread ID 24556 not found in process
[1119/234050.974:ERROR:process_reader_win.cc(123)] NtOpenThread: {Access Denied} A process has requested access to an object, but has not been granted those access rights. (0xc0000022)
[1119/234050.974:ERROR:exception_snapshot_win.cc(99)] thread ID 23864 not found in process
[1119/234109.030:ERROR:process_reader_win.cc(123)] NtOpenThread: {Access Denied} A process has requested access to an object, but has not been granted those access rights. (0xc0000022)
[1119/234109.034:ERROR:exception_snapshot_win.cc(99)] thread ID 9668 not found in process
[1119/234109.067:ERROR:process_reader_win.cc(123)] NtOpenThread: {Access Denied} A process has requested access to an object, but has not been granted those access rights. (0xc0000022)
[1119/234109.067:ERROR:exception_snapshot_win.cc(99)] thread ID 9148 not found in process
[1119/234440.763:ERROR:process_reader_win.cc(123)] NtOpenThread: {Access Denied} A process has requested access to an object, but has not been granted those access rights. (0xc0000022)
[1119/234440.766:ERROR:exception_snapshot_win.cc(99)] thread ID 23576 not found in process
[1119/234440.821:ERROR:process_reader_win.cc(123)] NtOpenThread: {Access Denied} A process has requested access to an object, but has not been granted those access rights. (0xc0000022)
[1119/234440.821:ERROR:exception_snapshot_win.cc(99)] thread ID 22788 not found in process
[1119/235032.175:ERROR:process_reader_win.cc(123)] NtOpenThread: {Access Denied} A process has requested access to an object, but has not been granted those access rights. (0xc0000022)
[1119/235032.181:ERROR:exception_snapshot_win.cc(99)] thread ID 4852 not found in process
[1119/235032.239:ERROR:process_reader_win.cc(123)] NtOpenThread: {Access Denied} A process has requested access to an object, but has not been granted those access rights. (0xc0000022)
[1119/235032.239:ERROR:exception_snapshot_win.cc(99)] thread ID 7704 not found in process
[1119/235250.740:ERROR:process_reader_win.cc(123)] NtOpenThread: {Access Denied} A process has requested access to an object, but has not been granted those access rights. (0xc0000022)
[1119/235250.743:ERROR:exception_snapshot_win.cc(99)] thread ID 13048 not found in process
[1119/235250.786:ERROR:process_reader_win.cc(123)] NtOpenThread: {Access Denied} A process has requested access to an object, but has not been granted those access rights. (0xc0000022)
[1119/235250.786:ERROR:exception_snapshot_win.cc(99)] thread ID 23380 not found in process
[1119/235818.152:ERROR:process_reader_win.cc(151)] SuspendThread: Access is denied. (0x5)
[1119/235818.155:ERROR:process_reader_win.cc(123)] NtOpenThread: {Access Denied} A process has requested access to an object, but has not been granted those access rights. (0xc0000022)
[1119/235818.155:ERROR:exception_snapshot_win.cc(99)] thread ID 21880 not found in process
[1119/235818.187:ERROR:process_reader_win.cc(123)] NtOpenThread: {Access Denied} A process has requested access to an object, but has not been granted those access rights. (0xc0000022)
[1119/235818.187:ERROR:exception_snapshot_win.cc(99)] thread ID 21940 not found in process
[1119/235932.285:ERROR:process_reader_win.cc(151)] SuspendThread: Access is denied. (0x5)
[1119/235932.288:ERROR:process_reader_win.cc(151)] SuspendThread: Access is denied. (0x5)
[1119/235932.288:ERROR:process_reader_win.cc(123)] NtOpenThread: {Access Denied} A process has requested access to an object, but has not been granted those access rights. (0xc0000022)
[1119/235932.288:ERROR:exception_snapshot_win.cc(99)] thread ID 364 not found in process
[1119/235932.320:ERROR:process_reader_win.cc(123)] NtOpenThread: {Access Denied} A process has requested access to an object, but has not been granted those access rights. (0xc0000022)
[1119/235932.321:ERROR:exception_snapshot_win.cc(99)] thread ID 8212 not found in process
[1120/000045.119:ERROR:process_reader_win.cc(151)] SuspendThread: Access is denied. (0x5)
[1120/000045.123:ERROR:process_reader_win.cc(123)] NtOpenThread: {Access Denied} A process has requested access to an object, but has not been granted those access rights. (0xc0000022)
[1120/000045.125:ERROR:exception_snapshot_win.cc(99)] thread ID 20728 not found in process
[1120/000045.164:ERROR:process_reader_win.cc(123)] NtOpenThread: {Access Denied} A process has requested access to an object, but has not been granted those access rights. (0xc0000022)
[1120/000045.164:ERROR:exception_snapshot_win.cc(99)] thread ID 12516 not found in process
[1120/014716.071:ERROR:directory_reader_win.cc(43)] FindFirstFile: The system cannot find the path specified. (0x3)
[1121/014716.074:ERROR:directory_reader_win.cc(43)] FindFirstFile: The system cannot find the path specified. (0x3)
[1208/002334.119:ERROR:directory_reader_win.cc(43)] FindFirstFile: The system cannot find the path specified. (0x3)
[1213/091647.621:ERROR:directory_reader_win.cc(43)] FindFirstFile: The system cannot find the path specified. (0x3)
[1213/091814.198:ERROR:directory_reader_win.cc(43)] FindFirstFile: The system cannot find the path specified. (0x3)
[1213/091852.860:ERROR:directory_reader_win.cc(43)] FindFirstFile: The system cannot find the path specified. (0x3)
[1213/091937.424:ERROR:directory_reader_win.cc(43)] FindFirstFile: The system cannot find the path specified. (0x3)
[1213/092147.573:ERROR:directory_reader_win.cc(43)] FindFirstFile: The system cannot find the path specified. (0x3)
[1213/092226.162:ERROR:directory_reader_win.cc(43)] FindFirstFile: The system cannot find the path specified. (0x3)
[1213/092316.533:ERROR:directory_reader_win.cc(43)] FindFirstFile: The system cannot find the path specified. (0x3)
[1213/092346.262:ERROR:directory_reader_win.cc(43)] FindFirstFile: The system cannot find the path specified. (0x3)
[1213/092401.716:ERROR:directory_reader_win.cc(43)] FindFirstFile: The system cannot find the path specified. (0x3)
[1213/092642.355:ERROR:directory_reader_win.cc(43)] FindFirstFile: The system cannot find the path specified. (0x3)
[1213/092743.628:ERROR:directory_reader_win.cc(43)] FindFirstFile: The system cannot find the path specified. (0x3)
[1213/092805.968:ERROR:directory_reader_win.cc(43)] FindFirstFile: The system cannot find the path specified. (0x3)
[1213/093147.590:ERROR:directory_reader_win.cc(43)] FindFirstFile: The system cannot find the path specified. (0x3)
[1213/095049.325:ERROR:directory_reader_win.cc(43)] FindFirstFile: The system cannot find the path specified. (0x3)
[1213/095522.270:ERROR:process_reader_win.cc(151)] SuspendThread: Access is denied. (0x5)
[1213/095522.274:ERROR:process_reader_win.cc(123)] NtOpenThread: {Access Denied} A process has requested access to an object, but has not been granted those access rights. (0xc0000022)
[1213/095522.274:ERROR:exception_snapshot_win.cc(99)] thread ID 27980 not found in process
[1213/095522.277:ERROR:process_reader_win.cc(151)] SuspendThread: Access is denied. (0x5)
[1213/095522.280:ERROR:process_reader_win.cc(123)] NtOpenThread: {Access Denied} A process has requested access to an object, but has not been granted those access rights. (0xc0000022)
[1213/095522.280:ERROR:exception_snapshot_win.cc(99)] thread ID 23136 not found in process
[1213/095522.313:ERROR:process_reader_win.cc(151)] SuspendThread: Access is denied. (0x5)
[1213/095522.315:ERROR:process_reader_win.cc(151)] SuspendThread: Access is denied. (0x5)
[1213/095522.317:ERROR:process_reader_win.cc(151)] SuspendThread: Access is denied. (0x5)
[1213/095522.317:ERROR:process_reader_win.cc(151)] SuspendThread: Access is denied. (0x5)
[1213/095522.317:ERROR:process_reader_win.cc(123)] NtOpenThread: {Access Denied} A process has requested access to an object, but has not been granted those access rights. (0xc0000022)
[1213/095522.317:ERROR:exception_snapshot_win.cc(99)] thread ID 24272 not found in process
[1213/095522.323:ERROR:process_reader_win.cc(123)] NtOpenThread: {Access Denied} A process has requested access to an object, but has not been granted those access rights. (0xc0000022)
[1213/095522.323:ERROR:exception_snapshot_win.cc(99)] thread ID 21840 not found in process
[1213/095533.948:ERROR:process_reader_win.cc(123)] NtOpenThread: {Access Denied} A process has requested access to an object, but has not been granted those access rights. (0xc0000022)
[1213/095533.951:ERROR:exception_snapshot_win.cc(99)] thread ID 25604 not found in process
[1213/095533.986:ERROR:process_reader_win.cc(123)] NtOpenThread: {Access Denied} A process has requested access to an object, but has not been granted those access rights. (0xc0000022)
[1213/095533.987:ERROR:exception_snapshot_win.cc(99)] thread ID 13964 not found in process
[1213/100536.844:ERROR:directory_reader_win.cc(43)] FindFirstFile: The system cannot find the path specified. (0x3)
[1213/102135.760:ERROR:directory_reader_win.cc(43)] FindFirstFile: The system cannot find the path specified. (0x3)
[1213/102150.665:ERROR:directory_reader_win.cc(43)] FindFirstFile: The system cannot find the path specified. (0x3)
[1213/102257.290:ERROR:directory_reader_win.cc(43)] FindFirstFile: The system cannot find the path specified. (0x3)
[1213/102343.181:ERROR:directory_reader_win.cc(43)] FindFirstFile: The system cannot find the path specified. (0x3)
[1213/102607.073:ERROR:process_reader_win.cc(151)] SuspendThread: Access is denied. (0x5)
[1213/102607.073:ERROR:process_reader_win.cc(123)] NtOpenThread: {Access Denied} A process has requested access to an object, but has not been granted those access rights. (0xc0000022)
[1213/102607.074:ERROR:exception_snapshot_win.cc(99)] thread ID 14820 not found in process
[1213/102607.074:ERROR:process_reader_win.cc(123)] NtOpenThread: An invalid Client ID was specified. (0xc000000b)
[1213/102607.075:ERROR:process_reader_win.cc(151)] SuspendThread: Access is denied. (0x5)
[1213/102607.075:ERROR:process_reader_win.cc(151)] SuspendThread: Access is denied. (0x5)
[1213/102607.075:ERROR:process_reader_win.cc(123)] NtOpenThread: {Access Denied} A process has requested access to an object, but has not been granted those access rights. (0xc0000022)
[1213/102607.075:ERROR:exception_snapshot_win.cc(99)] thread ID 25656 not found in process
[1213/102607.083:ERROR:process_reader_win.cc(151)] SuspendThread: Access is denied. (0x5)
[1213/102607.084:ERROR:process_reader_win.cc(123)] NtOpenThread: {Access Denied} A process has requested access to an object, but has not been granted those access rights. (0xc0000022)
[1213/102607.084:ERROR:exception_snapshot_win.cc(99)] thread ID 25696 not found in process
[1213/102607.114:ERROR:process_reader_win.cc(151)] SuspendThread: Access is denied. (0x5)
[1213/102607.115:ERROR:process_reader_win.cc(123)] NtOpenThread: {Access Denied} A process has requested access to an object, but has not been granted those access rights. (0xc0000022)
[1213/102607.115:ERROR:exception_snapshot_win.cc(99)] thread ID 17880 not found in process
[1213/102607.129:ERROR:process_reader_win.cc(151)] SuspendThread: Access is denied. (0x5)
[1213/102607.129:ERROR:process_reader_win.cc(151)] SuspendThread: Access is denied. (0x5)
[1213/102607.130:ERROR:process_reader_win.cc(151)] SuspendThread: Access is denied. (0x5)
[1213/102607.130:ERROR:process_reader_win.cc(123)] NtOpenThread: {Access Denied} A process has requested access to an object, but has not been granted those access rights. (0xc0000022)
[1213/102607.130:ERROR:exception_snapshot_win.cc(99)] thread ID 16980 not found in process
[1213/102607.132:ERROR:process_reader_win.cc(151)] SuspendThread: Access is denied. (0x5)
[1213/102607.134:ERROR:process_reader_win.cc(151)] SuspendThread: Access is denied. (0x5)
[1213/102607.134:ERROR:process_reader_win.cc(123)] NtOpenThread: {Access Denied} A process has requested access to an object, but has not been granted those access rights. (0xc0000022)
[1213/102607.134:ERROR:exception_snapshot_win.cc(99)] thread ID 20036 not found in process
[1213/102607.135:ERROR:process_reader_win.cc(151)] SuspendThread: Access is denied. (0x5)
[1213/102607.139:ERROR:process_reader_win.cc(151)] SuspendThread: Access is denied. (0x5)
[1213/102607.141:ERROR:process_reader_win.cc(151)] SuspendThread: Access is denied. (0x5)
[1213/102607.141:ERROR:process_reader_win.cc(123)] NtOpenThread: {Access Denied} A process has requested access to an object, but has not been granted those access rights. (0xc0000022)
[1213/102607.141:ERROR:exception_snapshot_win.cc(99)] thread ID 25932 not found in process
[1213/102607.168:ERROR:process_reader_win.cc(151)] SuspendThread: Access is denied. (0x5)
[1213/102607.168:ERROR:process_reader_win.cc(151)] SuspendThread: Access is denied. (0x5)
[1213/102607.170:ERROR:process_reader_win.cc(151)] SuspendThread: Access is denied. (0x5)
[1213/102607.172:ERROR:process_reader_win.cc(151)] SuspendThread: Access is denied. (0x5)
[1213/102607.172:ERROR:process_reader_win.cc(123)] NtOpenThread: {Access Denied} A process has requested access to an object, but has not been granted those access rights. (0xc0000022)
[1213/102607.172:ERROR:exception_snapshot_win.cc(99)] thread ID 30260 not found in process
[1213/102607.173:ERROR:process_reader_win.cc(151)] SuspendThread: Access is denied. (0x5)
[1213/102607.173:ERROR:process_reader_win.cc(151)] SuspendThread: Access is denied. (0x5)
[1213/102607.175:ERROR:process_reader_win.cc(151)] SuspendThread: Access is denied. (0x5)
[1213/102607.177:ERROR:process_reader_win.cc(151)] SuspendThread: Access is denied. (0x5)
[1213/102607.177:ERROR:process_reader_win.cc(151)] SuspendThread: Access is denied. (0x5)
[1213/102607.177:ERROR:process_reader_win.cc(151)] SuspendThread: Access is denied. (0x5)
[1213/102607.177:ERROR:process_reader_win.cc(151)] SuspendThread: Access is denied. (0x5)
[1213/102607.178:ERROR:process_reader_win.cc(123)] NtOpenThread: {Access Denied} A process has requested access to an object, but has not been granted those access rights. (0xc0000022)
[1213/102607.178:ERROR:exception_snapshot_win.cc(99)] thread ID 27192 not found in process
[1213/102607.179:ERROR:process_reader_win.cc(151)] SuspendThread: Access is denied. (0x5)
[1213/102607.181:ERROR:process_reader_win.cc(151)] SuspendThread: Access is denied. (0x5)
[1213/102607.181:ERROR:process_reader_win.cc(123)] NtOpenThread: {Access Denied} A process has requested access to an object, but has not been granted those access rights. (0xc0000022)
[1213/102607.181:ERROR:exception_snapshot_win.cc(99)] thread ID 27488 not found in process
[1213/102738.951:ERROR:process_reader_win.cc(123)] NtOpenThread: {Access Denied} A process has requested access to an object, but has not been granted those access rights. (0xc0000022)
[1213/102738.954:ERROR:exception_snapshot_win.cc(99)] thread ID 16048 not found in process
[1213/102738.978:ERROR:process_reader_win.cc(151)] SuspendThread: Access is denied. (0x5)
[1213/102738.979:ERROR:process_reader_win.cc(123)] NtOpenThread: {Access Denied} A process has requested access to an object, but has not been granted those access rights. (0xc0000022)
[1213/102738.979:ERROR:exception_snapshot_win.cc(99)] thread ID 6996 not found in process
[1213/102749.177:ERROR:process_reader_win.cc(123)] NtOpenThread: {Access Denied} A process has requested access to an object, but has not been granted those access rights. (0xc0000022)
[1213/102749.178:ERROR:exception_snapshot_win.cc(99)] thread ID 22280 not found in process
[1213/102749.202:ERROR:process_reader_win.cc(123)] NtOpenThread: {Access Denied} A process has requested access to an object, but has not been granted those access rights. (0xc0000022)
[1213/102749.202:ERROR:exception_snapshot_win.cc(99)] thread ID 29716 not found in process
[1213/102851.990:ERROR:process_reader_win.cc(151)] SuspendThread: Access is denied. (0x5)
[1213/102851.993:ERROR:process_reader_win.cc(123)] NtOpenThread: {Access Denied} A process has requested access to an object, but has not been granted those access rights. (0xc0000022)
[1213/102851.994:ERROR:exception_snapshot_win.cc(99)] thread ID 10952 not found in process
[1213/102852.007:ERROR:process_reader_win.cc(151)] SuspendThread: Access is denied. (0x5)
[1213/102852.007:ERROR:process_reader_win.cc(151)] SuspendThread: Access is denied. (0x5)
[1213/102852.007:ERROR:process_reader_win.cc(123)] NtOpenThread: {Access Denied} A process has requested access to an object, but has not been granted those access rights. (0xc0000022)
[1213/102852.007:ERROR:exception_snapshot_win.cc(99)] thread ID 21124 not found in process
[1213/102852.046:ERROR:process_reader_win.cc(151)] SuspendThread: Access is denied. (0x5)
[1213/102852.048:ERROR:process_reader_win.cc(151)] SuspendThread: Access is denied. (0x5)
[1213/102852.048:ERROR:process_reader_win.cc(151)] SuspendThread: Access is denied. (0x5)
[1213/102852.051:ERROR:process_reader_win.cc(151)] SuspendThread: Access is denied. (0x5)
[1213/102852.051:ERROR:process_reader_win.cc(123)] NtOpenThread: {Access Denied} A process has requested access to an object, but has not been granted those access rights. (0xc0000022)
[1213/102852.052:ERROR:exception_snapshot_win.cc(99)] thread ID 16128 not found in process
[1213/103438.252:ERROR:process_reader_win.cc(151)] SuspendThread: Access is denied. (0x5)
[1213/103438.255:ERROR:process_reader_win.cc(151)] SuspendThread: Access is denied. (0x5)
[1213/103438.255:ERROR:process_reader_win.cc(151)] SuspendThread: Access is denied. (0x5)
[1213/103438.255:ERROR:process_reader_win.cc(151)] SuspendThread: Access is denied. (0x5)
[1213/103438.256:ERROR:process_reader_win.cc(151)] SuspendThread: Access is denied. (0x5)
[1213/103438.256:ERROR:process_reader_win.cc(151)] SuspendThread: Access is denied. (0x5)
[1213/103438.258:ERROR:process_reader_win.cc(151)] SuspendThread: Access is denied. (0x5)
[1213/103438.258:ERROR:process_reader_win.cc(151)] SuspendThread: Access is denied. (0x5)
[1213/103438.260:ERROR:process_reader_win.cc(151)] SuspendThread: Access is denied. (0x5)
[1213/103438.281:ERROR:process_reader_win.cc(151)] SuspendThread: Access is denied. (0x5)
[1213/103438.284:ERROR:process_reader_win.cc(151)] SuspendThread: Access is denied. (0x5)
[1213/103438.284:ERROR:process_reader_win.cc(151)] SuspendThread: Access is denied. (0x5)
[1213/103438.284:ERROR:process_reader_win.cc(151)] SuspendThread: Access is denied. (0x5)
[1213/103438.284:ERROR:process_reader_win.cc(151)] SuspendThread: Access is denied. (0x5)
[1213/103438.285:ERROR:process_reader_win.cc(151)] SuspendThread: Access is denied. (0x5)
[1213/103438.285:ERROR:process_reader_win.cc(151)] SuspendThread: Access is denied. (0x5)
[1213/103438.285:ERROR:process_reader_win.cc(151)] SuspendThread: Access is denied. (0x5)
[1213/103438.285:ERROR:process_reader_win.cc(151)] SuspendThread: Access is denied. (0x5)
[1213/103438.285:ERROR:process_reader_win.cc(123)] NtOpenThread: {Access Denied} A process has requested access to an object, but has not been granted those access rights. (0xc0000022)
[1213/103438.286:ERROR:exception_snapshot_win.cc(99)] thread ID 12416 not found in process
[1213/103438.305:ERROR:process_reader_win.cc(151)] SuspendThread: Access is denied. (0x5)
[1213/103438.305:ERROR:process_reader_win.cc(123)] NtOpenThread: {Access Denied} A process has requested access to an object, but has not been granted those access rights. (0xc0000022)
[1213/103438.306:ERROR:exception_snapshot_win.cc(99)] thread ID 9988 not found in process
[1213/103438.307:ERROR:process_reader_win.cc(151)] SuspendThread: Access is denied. (0x5)
[1213/103438.310:ERROR:process_reader_win.cc(151)] SuspendThread: Access is denied. (0x5)
[1213/103438.311:ERROR:process_reader_win.cc(151)] SuspendThread: Access is denied. (0x5)
[1213/103438.313:ERROR:process_reader_win.cc(151)] SuspendThread: Access is denied. (0x5)
[1213/103438.313:ERROR:process_reader_win.cc(123)] NtOpenThread: {Access Denied} A process has requested access to an object, but has not been granted those access rights. (0xc0000022)
[1213/103438.313:ERROR:exception_snapshot_win.cc(99)] thread ID 3228 not found in process
[1213/104003.987:ERROR:process_reader_win.cc(123)] NtOpenThread: {Access Denied} A process has requested access to an object, but has not been granted those access rights. (0xc0000022)
[1213/104003.991:ERROR:exception_snapshot_win.cc(99)] thread ID 23216 not found in process
[1213/104003.989:ERROR:process_reader_win.cc(151)] SuspendThread: Access is denied. (0x5)
[1213/104003.992:ERROR:process_reader_win.cc(123)] NtOpenThread: {Access Denied} A process has requested access to an object, but has not been granted those access rights. (0xc0000022)
[1213/104003.993:ERROR:exception_snapshot_win.cc(99)] thread ID 22584 not found in process
[1213/104004.005:ERROR:process_reader_win.cc(151)] SuspendThread: Access is denied. (0x5)
[1213/104004.009:ERROR:process_reader_win.cc(151)] SuspendThread: Access is denied. (0x5)
[1213/104004.009:ERROR:process_reader_win.cc(151)] SuspendThread: Access is denied. (0x5)
[1213/104004.012:ERROR:process_reader_win.cc(151)] SuspendThread: Access is denied. (0x5)
[1213/104004.012:ERROR:process_reader_win.cc(151)] SuspendThread: Access is denied. (0x5)
[1213/104004.012:ERROR:process_reader_win.cc(151)] SuspendThread: Access is denied. (0x5)
[1213/104004.014:ERROR:process_reader_win.cc(151)] SuspendThread: Access is denied. (0x5)
[1213/104004.014:ERROR:process_reader_win.cc(151)] SuspendThread: Access is denied. (0x5)
[1213/104004.014:ERROR:process_reader_win.cc(151)] SuspendThread: Access is denied. (0x5)
[1213/104004.014:ERROR:process_reader_win.cc(123)] NtOpenThread: {Access Denied} A process has requested access to an object, but has not been granted those access rights. (0xc0000022)
[1213/104004.014:ERROR:exception_snapshot_win.cc(99)] thread ID 3612 not found in process
[1213/104004.056:ERROR:process_reader_win.cc(151)] SuspendThread: Access is denied. (0x5)
[1213/104004.058:ERROR:process_reader_win.cc(151)] SuspendThread: Access is denied. (0x5)
[1213/104004.065:ERROR:process_reader_win.cc(151)] SuspendThread: Access is denied. (0x5)
[1213/104004.066:ERROR:process_reader_win.cc(151)] SuspendThread: Access is denied. (0x5)
[1213/104004.067:ERROR:process_reader_win.cc(151)] SuspendThread: Access is denied. (0x5)
[1213/104004.068:ERROR:process_reader_win.cc(123)] NtOpenThread: {Access Denied} A process has requested access to an object, but has not been granted those access rights. (0xc0000022)
[1213/104004.068:ERROR:exception_snapshot_win.cc(99)] thread ID 24956 not found in process
[1213/104004.068:ERROR:process_reader_win.cc(151)] SuspendThread: Access is denied. (0x5)
[1213/104004.068:ERROR:process_reader_win.cc(123)] NtOpenThread: {Access Denied} A process has requested access to an object, but has not been granted those access rights. (0xc0000022)
[1213/104004.068:ERROR:exception_snapshot_win.cc(99)] thread ID 21336 not found in process
[1213/104004.078:ERROR:process_reader_win.cc(151)] SuspendThread: Access is denied. (0x5)
[1213/104004.080:ERROR:process_reader_win.cc(151)] SuspendThread: Access is denied. (0x5)
[1213/104004.082:ERROR:process_reader_win.cc(151)] SuspendThread: Access is denied. (0x5)
[1213/104004.082:ERROR:process_reader_win.cc(123)] NtOpenThread: {Access Denied} A process has requested access to an object, but has not been granted those access rights. (0xc0000022)
[1213/104004.082:ERROR:exception_snapshot_win.cc(99)] thread ID 24276 not found in process
[1213/104115.157:ERROR:process_reader_win.cc(123)] NtOpenThread: {Access Denied} A process has requested access to an object, but has not been granted those access rights. (0xc0000022)
[1213/104115.159:ERROR:exception_snapshot_win.cc(99)] thread ID 16896 not found in process
[1213/104115.190:ERROR:process_reader_win.cc(123)] NtOpenThread: {Access Denied} A process has requested access to an object, but has not been granted those access rights. (0xc0000022)
[1213/104115.190:ERROR:exception_snapshot_win.cc(99)] thread ID 30688 not found in process
[1213/104115.260:ERROR:process_reader_win.cc(123)] NtOpenThread: {Access Denied} A process has requested access to an object, but has not been granted those access rights. (0xc0000022)
[1213/104115.260:ERROR:exception_snapshot_win.cc(99)] thread ID 23080 not found in process
[1213/104117.036:ERROR:process_reader_win.cc(123)] NtOpenThread: {Access Denied} A process has requested access to an object, but has not been granted those access rights. (0xc0000022)
[1213/104117.036:ERROR:exception_snapshot_win.cc(99)] thread ID 12668 not found in process
[1213/104152.046:ERROR:process_reader_win.cc(123)] NtOpenThread: {Access Denied} A process has requested access to an object, but has not been granted those access rights. (0xc0000022)
[1213/104152.050:ERROR:exception_snapshot_win.cc(99)] thread ID 20228 not found in process
[1213/104152.082:ERROR:process_reader_win.cc(123)] NtOpenThread: {Access Denied} A process has requested access to an object, but has not been granted those access rights. (0xc0000022)
[1213/104152.083:ERROR:exception_snapshot_win.cc(99)] thread ID 18764 not found in process
[1213/104227.805:ERROR:process_reader_win.cc(123)] NtOpenThread: {Access Denied} A process has requested access to an object, but has not been granted those access rights. (0xc0000022)
[1213/104227.808:ERROR:exception_snapshot_win.cc(99)] thread ID 10408 not found in process
[1213/104227.834:ERROR:process_reader_win.cc(123)] NtOpenThread: {Access Denied} A process has requested access to an object, but has not been granted those access rights. (0xc0000022)
[1213/104227.834:ERROR:exception_snapshot_win.cc(99)] thread ID 10572 not found in process
[1213/104902.025:ERROR:process_reader_win.cc(123)] NtOpenThread: {Access Denied} A process has requested access to an object, but has not been granted those access rights. (0xc0000022)
[1213/104902.028:ERROR:exception_snapshot_win.cc(99)] thread ID 20180 not found in process
[1213/104902.061:ERROR:process_reader_win.cc(123)] NtOpenThread: {Access Denied} A process has requested access to an object, but has not been granted those access rights. (0xc0000022)
[1213/104902.062:ERROR:exception_snapshot_win.cc(99)] thread ID 23452 not found in process
[1213/105125.051:ERROR:process_reader_win.cc(123)] NtOpenThread: {Access Denied} A process has requested access to an object, but has not been granted those access rights. (0xc0000022)
[1213/105125.054:ERROR:exception_snapshot_win.cc(99)] thread ID 22516 not found in process
[1213/105125.111:ERROR:process_reader_win.cc(151)] SuspendThread: Access is denied. (0x5)
[1213/105125.112:ERROR:process_reader_win.cc(151)] SuspendThread: Access is denied. (0x5)
[1213/105125.115:ERROR:process_reader_win.cc(151)] SuspendThread: Access is denied. (0x5)
[1213/105125.115:ERROR:process_reader_win.cc(123)] NtOpenThread: {Access Denied} A process has requested access to an object, but has not been granted those access rights. (0xc0000022)
[1213/105125.115:ERROR:exception_snapshot_win.cc(99)] thread ID 22680 not found in process
[1213/105153.203:ERROR:process_reader_win.cc(123)] NtOpenThread: {Access Denied} A process has requested access to an object, but has not been granted those access rights. (0xc0000022)
[1213/105153.207:ERROR:exception_snapshot_win.cc(99)] thread ID 16580 not found in process
[1213/105153.240:ERROR:process_reader_win.cc(123)] NtOpenThread: {Access Denied} A process has requested access to an object, but has not been granted those access rights. (0xc0000022)
[1213/105153.240:ERROR:exception_snapshot_win.cc(99)] thread ID 23424 not found in process
[1213/105224.386:ERROR:process_reader_win.cc(123)] NtOpenThread: {Access Denied} A process has requested access to an object, but has not been granted those access rights. (0xc0000022)
[1213/105224.389:ERROR:exception_snapshot_win.cc(99)] thread ID 14912 not found in process
[1213/105224.476:ERROR:process_reader_win.cc(123)] NtOpenThread: {Access Denied} A process has requested access to an object, but has not been granted those access rights. (0xc0000022)
[1213/105224.477:ERROR:exception_snapshot_win.cc(99)] thread ID 14660 not found in process
[1213/110227.493:ERROR:directory_reader_win.cc(43)] FindFirstFile: The system cannot find the path specified. (0x3)
[1213/112227.062:ERROR:directory_reader_win.cc(43)] FindFirstFile: The system cannot find the path specified. (0x3)
[1213/112333.320:ERROR:directory_reader_win.cc(43)] FindFirstFile: The system cannot find the path specified. (0x3)
[1213/112339.447:ERROR:directory_reader_win.cc(43)] FindFirstFile: The system cannot find the path specified. (0x3)
[1213/112403.047:ERROR:directory_reader_win.cc(43)] FindFirstFile: The system cannot find the path specified. (0x3)
[1213/112405.477:ERROR:directory_reader_win.cc(43)] FindFirstFile: The system cannot find the path specified. (0x3)
[1213/112412.330:ERROR:directory_reader_win.cc(43)] FindFirstFile: The system cannot find the path specified. (0x3)
[1213/112451.103:ERROR:directory_reader_win.cc(43)] FindFirstFile: The system cannot find the path specified. (0x3)
[1213/124543.620:ERROR:process_reader_win.cc(123)] NtOpenThread: {Access Denied} A process has requested access to an object, but has not been granted those access rights. (0xc0000022)
[1213/124543.622:ERROR:exception_snapshot_win.cc(99)] thread ID 15540 not found in process
[1213/124543.692:ERROR:process_reader_win.cc(151)] SuspendThread: Access is denied. (0x5)
[1213/124543.693:ERROR:process_reader_win.cc(151)] SuspendThread: Access is denied. (0x5)
[1213/124543.693:ERROR:process_reader_win.cc(123)] NtOpenThread: {Access Denied} A process has requested access to an object, but has not been granted those access rights. (0xc0000022)
[1213/124543.694:ERROR:exception_snapshot_win.cc(99)] thread ID 17636 not found in process
[1213/124617.600:ERROR:process_reader_win.cc(123)] NtOpenThread: {Access Denied} A process has requested access to an object, but has not been granted those access rights. (0xc0000022)
[1213/124617.601:ERROR:exception_snapshot_win.cc(99)] thread ID 7624 not found in process
[1213/124617.722:ERROR:process_reader_win.cc(151)] SuspendThread: Access is denied. (0x5)
[1213/124617.725:ERROR:process_reader_win.cc(151)] SuspendThread: Access is denied. (0x5)
[1213/124617.726:ERROR:process_reader_win.cc(151)] SuspendThread: Access is denied. (0x5)
[1213/124617.726:ERROR:process_reader_win.cc(123)] NtOpenThread: {Access Denied} A process has requested access to an object, but has not been granted those access rights. (0xc0000022)
[1213/124617.726:ERROR:exception_snapshot_win.cc(99)] thread ID 30004 not found in process
[1213/124618.570:ERROR:process_reader_win.cc(123)] NtOpenThread: {Access Denied} A process has requested access to an object, but has not been granted those access rights. (0xc0000022)
[1213/124618.571:ERROR:exception_snapshot_win.cc(99)] thread ID 8392 not found in process
[1213/124618.650:ERROR:process_reader_win.cc(151)] SuspendThread: Access is denied. (0x5)
[1213/124618.652:ERROR:process_reader_win.cc(151)] SuspendThread: Access is denied. (0x5)
[1213/124618.652:ERROR:process_reader_win.cc(151)] SuspendThread: Access is denied. (0x5)
[1213/124618.652:ERROR:process_reader_win.cc(123)] NtOpenThread: {Access Denied} A process has requested access to an object, but has not been granted those access rights. (0xc0000022)
[1213/124618.652:ERROR:exception_snapshot_win.cc(99)] thread ID 25444 not found in process
[1213/124623.741:ERROR:process_reader_win.cc(123)] NtOpenThread: An invalid Client ID was specified. (0xc000000b)
[1213/124623.742:ERROR:process_reader_win.cc(151)] SuspendThread: Access is denied. (0x5)
[1213/124623.742:ERROR:process_reader_win.cc(151)] SuspendThread: Access is denied. (0x5)
[1213/124623.742:ERROR:process_reader_win.cc(151)] SuspendThread: Access is denied. (0x5)
[1213/124623.742:ERROR:process_reader_win.cc(151)] SuspendThread: Access is denied. (0x5)
[1213/124623.746:ERROR:process_reader_win.cc(151)] SuspendThread: Access is denied. (0x5)
[1213/124623.746:ERROR:process_reader_win.cc(151)] SuspendThread: Access is denied. (0x5)
[1213/124623.746:ERROR:process_reader_win.cc(123)] NtOpenThread: {Access Denied} A process has requested access to an object, but has not been granted those access rights. (0xc0000022)
[1213/124623.746:ERROR:exception_snapshot_win.cc(99)] thread ID 22056 not found in process
[1213/124623.886:ERROR:process_reader_win.cc(151)] SuspendThread: Access is denied. (0x5)
[1213/124623.888:ERROR:process_reader_win.cc(151)] SuspendThread: Access is denied. (0x5)
[1213/124623.888:ERROR:process_reader_win.cc(151)] SuspendThread: Access is denied. (0x5)
[1213/124623.889:ERROR:process_reader_win.cc(151)] SuspendThread: Access is denied. (0x5)
[1213/124623.889:ERROR:process_reader_win.cc(123)] NtOpenThread: {Access Denied} A process has requested access to an object, but has not been granted those access rights. (0xc0000022)
[1213/124623.889:ERROR:exception_snapshot_win.cc(99)] thread ID 25652 not found in process
[1213/124625.788:ERROR:process_reader_win.cc(123)] NtOpenThread: {Access Denied} A process has requested access to an object, but has not been granted those access rights. (0xc0000022)
[1213/124625.789:ERROR:exception_snapshot_win.cc(99)] thread ID 15244 not found in process
[1213/124625.886:ERROR:process_reader_win.cc(123)] NtOpenThread: {Access Denied} A process has requested access to an object, but has not been granted those access rights. (0xc0000022)
[1213/124625.886:ERROR:exception_snapshot_win.cc(99)] thread ID 22104 not found in process
[1213/124627.750:ERROR:process_reader_win.cc(123)] NtOpenThread: {Access Denied} A process has requested access to an object, but has not been granted those access rights. (0xc0000022)
[1213/124627.751:ERROR:exception_snapshot_win.cc(99)] thread ID 9624 not found in process
[1213/124627.820:ERROR:process_reader_win.cc(123)] NtOpenThread: {Access Denied} A process has requested access to an object, but has not been granted those access rights. (0xc0000022)
[1213/124627.820:ERROR:exception_snapshot_win.cc(99)] thread ID 12484 not found in process
[1213/144610.104:ERROR:process_reader_win.cc(123)] NtOpenThread: {Access Denied} A process has requested access to an object, but has not been granted those access rights. (0xc0000022)
[1213/144610.108:ERROR:exception_snapshot_win.cc(99)] thread ID 29364 not found in process
[1213/144610.178:ERROR:process_reader_win.cc(151)] SuspendThread: Access is denied. (0x5)
[1213/144610.181:ERROR:process_reader_win.cc(151)] SuspendThread: Access is denied. (0x5)
[1213/144610.181:ERROR:process_reader_win.cc(123)] NtOpenThread: {Access Denied} A process has requested access to an object, but has not been granted those access rights. (0xc0000022)
[1213/144610.181:ERROR:exception_snapshot_win.cc(99)] thread ID 15468 not found in process
[1213/144639.359:ERROR:process_reader_win.cc(123)] NtOpenThread: {Access Denied} A process has requested access to an object, but has not been granted those access rights. (0xc0000022)
[1213/144639.363:ERROR:exception_snapshot_win.cc(99)] thread ID 21728 not found in process
[1213/144639.420:ERROR:process_reader_win.cc(123)] NtOpenThread: {Access Denied} A process has requested access to an object, but has not been granted those access rights. (0xc0000022)
[1213/144639.420:ERROR:exception_snapshot_win.cc(99)] thread ID 24276 not found in process
[1213/144844.477:ERROR:process_reader_win.cc(151)] SuspendThread: Access is denied. (0x5)
[1213/144844.481:ERROR:process_reader_win.cc(151)] SuspendThread: Access is denied. (0x5)
[1213/144844.481:ERROR:process_reader_win.cc(123)] NtOpenThread: {Access Denied} A process has requested access to an object, but has not been granted those access rights. (0xc0000022)
[1213/144844.482:ERROR:exception_snapshot_win.cc(99)] thread ID 15008 not found in process
[1213/144844.513:ERROR:process_reader_win.cc(151)] SuspendThread: Access is denied. (0x5)
[1213/144844.513:ERROR:process_reader_win.cc(151)] SuspendThread: Access is denied. (0x5)
[1213/144844.513:ERROR:process_reader_win.cc(151)] SuspendThread: Access is denied. (0x5)
[1213/144844.514:ERROR:process_reader_win.cc(151)] SuspendThread: Access is denied. (0x5)
[1213/144844.514:ERROR:process_reader_win.cc(123)] NtOpenThread: {Access Denied} A process has requested access to an object, but has not been granted those access rights. (0xc0000022)
[1213/144844.514:ERROR:exception_snapshot_win.cc(99)] thread ID 28532 not found in process
[1213/145641.577:ERROR:directory_reader_win.cc(43)] FindFirstFile: The system cannot find the path specified. (0x3)
[1213/145850.912:ERROR:directory_reader_win.cc(43)] FindFirstFile: The system cannot find the path specified. (0x3)
[1213/145853.999:ERROR:directory_reader_win.cc(43)] FindFirstFile: The system cannot find the path specified. (0x3)
[1213/145904.278:ERROR:directory_reader_win.cc(43)] FindFirstFile: The system cannot find the path specified. (0x3)
[1213/160141.733:ERROR:process_reader_win.cc(123)] NtOpenThread: {Access Denied} A process has requested access to an object, but has not been granted those access rights. (0xc0000022)
[1213/160141.753:ERROR:exception_snapshot_win.cc(99)] thread ID 5060 not found in process
[1213/160141.988:ERROR:process_reader_win.cc(151)] SuspendThread: Access is denied. (0x5)
[1213/160141.991:ERROR:process_reader_win.cc(151)] SuspendThread: Access is denied. (0x5)
[1213/160141.991:ERROR:process_reader_win.cc(123)] NtOpenThread: {Access Denied} A process has requested access to an object, but has not been granted those access rights. (0xc0000022)
[1213/160141.991:ERROR:exception_snapshot_win.cc(99)] thread ID 30668 not found in process
[1213/160144.222:ERROR:process_reader_win.cc(123)] NtOpenThread: {Access Denied} A process has requested access to an object, but has not been granted those access rights. (0xc0000022)
[1213/160144.222:ERROR:exception_snapshot_win.cc(99)] thread ID 27056 not found in process
[1213/160144.387:ERROR:process_reader_win.cc(151)] SuspendThread: Access is denied. (0x5)
[1213/160144.390:ERROR:process_reader_win.cc(151)] SuspendThread: Access is denied. (0x5)
[1213/160144.390:ERROR:process_reader_win.cc(123)] NtOpenThread: {Access Denied} A process has requested access to an object, but has not been granted those access rights. (0xc0000022)
[1213/160144.391:ERROR:exception_snapshot_win.cc(99)] thread ID 17124 not found in process
[1213/160202.285:ERROR:process_reader_win.cc(123)] NtOpenThread: {Access Denied} A process has requested access to an object, but has not been granted those access rights. (0xc0000022)
[1213/160202.286:ERROR:exception_snapshot_win.cc(99)] thread ID 25128 not found in process
[1213/160202.442:ERROR:process_reader_win.cc(151)] SuspendThread: Access is denied. (0x5)
[1213/160202.444:ERROR:process_reader_win.cc(151)] SuspendThread: Access is denied. (0x5)
[1213/160202.444:ERROR:process_reader_win.cc(151)] SuspendThread: Access is denied. (0x5)
[1213/160202.444:ERROR:process_reader_win.cc(123)] NtOpenThread: {Access Denied} A process has requested access to an object, but has not been granted those access rights. (0xc0000022)
[1213/160202.444:ERROR:exception_snapshot_win.cc(99)] thread ID 19792 not found in process
[0104/174255.260:ERROR:process_reader_win.cc(123)] NtOpenThread: {Access Denied} A process has requested access to an object, but has not been granted those access rights. (0xc0000022)
[0104/174255.264:ERROR:exception_snapshot_win.cc(99)] thread ID 708 not found in process
[0104/174255.309:ERROR:process_reader_win.cc(123)] NtOpenThread: {Access Denied} A process has requested access to an object, but has not been granted those access rights. (0xc0000022)
[0104/174255.310:ERROR:exception_snapshot_win.cc(99)] thread ID 8404 not found in process
[0104/174429.489:ERROR:process_reader_win.cc(123)] NtOpenThread: {Access Denied} A process has requested access to an object, but has not been granted those access rights. (0xc0000022)
[0104/174429.494:ERROR:exception_snapshot_win.cc(99)] thread ID 16680 not found in process
[0104/174429.543:ERROR:process_reader_win.cc(123)] NtOpenThread: {Access Denied} A process has requested access to an object, but has not been granted those access rights. (0xc0000022)
[0104/174429.543:ERROR:exception_snapshot_win.cc(99)] thread ID 6088 not found in process
[0104/221726.454:ERROR:directory_reader_win.cc(43)] FindFirstFile: The system cannot find the path specified. (0x3)
[0106/000621.849:ERROR:directory_reader_win.cc(43)] FindFirstFile: The system cannot find the path specified. (0x3)
[0106/000940.185:ERROR:directory_reader_win.cc(43)] FindFirstFile: The system cannot find the path specified. (0x3)
